<?xml version="1.0" encoding="UTF-8"?>
<!-- Generated by org.testng.reporters.JUnitXMLReporter -->
<testsuite hostname="801646-ПК" name="Default test" tests="3" failures="0" timestamp="4 Aug 2014 06:25:17 GMT" time="44.063" errors="0">
  <testcase name="testEmptyGroupCreation" time="5.632" classname="com.example.tests.CreateGroupTests"/>
  <testcase name="testNonEmptyGroupCreation" time="4.409" classname="com.example.tests.CreateGroupTests"/>
  <testcase name="testUntitled3" time="6.491" classname="com.example.tests.CreateContactTests"/>
</testsuite> <!-- Default test -->
