<?xml version="1.0" encoding="UTF-8"?>
<!-- Generated by org.testng.reporters.JUnitXMLReporter -->
<testsuite hostname="801646-ПК" name="Default test" tests="4" failures="0" timestamp="3 Aug 2014 20:33:57 GMT" time="51.158" errors="0">
  <testcase name="testEmptyGroupCreation" time="5.443" classname="com.example.tests.CreateGroupTests"/>
  <testcase name="testNonEmptyGroupCreation" time="4.643" classname="com.example.tests.CreateGroupTests"/>
  <testcase name="testEmptyGroupCreation" time="4.048" classname="com.example.tests.AlsoCreateGroupTests"/>
  <testcase name="testNonEmptyGroupCreation" time="4.111" classname="com.example.tests.AlsoCreateGroupTests"/>
</testsuite> <!-- Default test -->
