<?xml version="1.0" encoding="UTF-8"?>
<testng-results skipped="0" failed="0" total="4" passed="4">
  <reporter-output>
  </reporter-output>
  <suite name="Default suite" duration-ms="51158" started-at="2014-08-03T20:33:06Z" finished-at="2014-08-03T20:33:57Z">
    <groups>
    </groups>
    <test name="Default test" duration-ms="51158" started-at="2014-08-03T20:33:06Z" finished-at="2014-08-03T20:33:57Z">
      <class name="com.example.tests.TestBase">
        <test-method status="PASS" signature="setUp()[pri:0, instance:com.example.tests.TestBase@6ebbd7d]" name="setUp" is-config="true" duration-ms="32133" started-at="2014-08-04T00:33:06Z" finished-at="2014-08-04T00:33:38Z">
          <reporter-output>
          </reporter-output>
        </test-method> <!-- setUp -->
        <test-method status="PASS" signature="tearDown()[pri:0, instance:com.example.tests.TestBase@6ebbd7d]" name="tearDown" is-config="true" duration-ms="701" started-at="2014-08-04T00:33:56Z" finished-at="2014-08-04T00:33:57Z">
          <reporter-output>
          </reporter-output>
        </test-method> <!-- tearDown -->
      </class> <!-- com.example.tests.TestBase -->
      <class name="com.example.tests.CreateGroupTests">
        <test-method status="PASS" signature="testEmptyGroupCreation()[pri:0, instance:com.example.tests.CreateGroupTests@22f3f59]" name="testEmptyGroupCreation" duration-ms="5443" started-at="2014-08-04T00:33:38Z" finished-at="2014-08-04T00:33:43Z">
          <reporter-output>
          </reporter-output>
        </test-method> <!-- testEmptyGroupCreation -->
        <test-method status="PASS" signature="testNonEmptyGroupCreation()[pri:0, instance:com.example.tests.CreateGroupTests@22f3f59]" name="testNonEmptyGroupCreation" duration-ms="4643" started-at="2014-08-04T00:33:43Z" finished-at="2014-08-04T00:33:48Z">
          <reporter-output>
          </reporter-output>
        </test-method> <!-- testNonEmptyGroupCreation -->
      </class> <!-- com.example.tests.CreateGroupTests -->
      <class name="com.example.tests.AlsoCreateGroupTests">
        <test-method status="PASS" signature="testEmptyGroupCreation()[pri:0, instance:com.example.tests.AlsoCreateGroupTests@42e21073]" name="testEmptyGroupCreation" duration-ms="4048" started-at="2014-08-04T00:33:48Z" finished-at="2014-08-04T00:33:52Z">
          <reporter-output>
          </reporter-output>
        </test-method> <!-- testEmptyGroupCreation -->
        <test-method status="PASS" signature="testNonEmptyGroupCreation()[pri:0, instance:com.example.tests.AlsoCreateGroupTests@42e21073]" name="testNonEmptyGroupCreation" duration-ms="4111" started-at="2014-08-04T00:33:52Z" finished-at="2014-08-04T00:33:56Z">
          <reporter-output>
          </reporter-output>
        </test-method> <!-- testNonEmptyGroupCreation -->
      </class> <!-- com.example.tests.AlsoCreateGroupTests -->
    </test> <!-- Default test -->
  </suite> <!-- Default suite -->
</testng-results>
