<?xml version="1.0" encoding="UTF-8"?>
<testng-results skipped="0" failed="0" total="3" passed="3">
  <reporter-output>
  </reporter-output>
  <suite name="Default suite" duration-ms="44063" started-at="2014-08-04T06:24:33Z" finished-at="2014-08-04T06:25:17Z">
    <groups>
    </groups>
    <test name="Default test" duration-ms="44063" started-at="2014-08-04T06:24:33Z" finished-at="2014-08-04T06:25:17Z">
      <class name="com.example.tests.CreateContactTests">
        <test-method status="PASS" signature="setUp()[pri:0, instance:com.example.tests.CreateContactTests@299bc338]" name="setUp" is-config="true" duration-ms="26302" started-at="2014-08-04T10:24:33Z" finished-at="2014-08-04T10:24:59Z">
          <reporter-output>
          </reporter-output>
        </test-method> <!-- setUp -->
        <test-method status="PASS" signature="testUntitled3()[pri:0, instance:com.example.tests.CreateContactTests@299bc338]" name="testUntitled3" duration-ms="6491" started-at="2014-08-04T10:25:10Z" finished-at="2014-08-04T10:25:16Z">
          <reporter-output>
          </reporter-output>
        </test-method> <!-- testUntitled3 -->
        <test-method status="PASS" signature="tearDown()[pri:0, instance:com.example.tests.CreateContactTests@299bc338]" name="tearDown" is-config="true" duration-ms="1159" started-at="2014-08-04T10:25:16Z" finished-at="2014-08-04T10:25:17Z">
          <reporter-output>
          </reporter-output>
        </test-method> <!-- tearDown -->
      </class> <!-- com.example.tests.CreateContactTests -->
      <class name="com.example.tests.CreateGroupTests">
        <test-method status="PASS" signature="testEmptyGroupCreation()[pri:0, instance:com.example.tests.CreateGroupTests@2686a13f]" name="testEmptyGroupCreation" duration-ms="5632" started-at="2014-08-04T10:24:59Z" finished-at="2014-08-04T10:25:05Z">
          <reporter-output>
          </reporter-output>
        </test-method> <!-- testEmptyGroupCreation -->
        <test-method status="PASS" signature="testNonEmptyGroupCreation()[pri:0, instance:com.example.tests.CreateGroupTests@2686a13f]" name="testNonEmptyGroupCreation" duration-ms="4409" started-at="2014-08-04T10:25:05Z" finished-at="2014-08-04T10:25:10Z">
          <reporter-output>
          </reporter-output>
        </test-method> <!-- testNonEmptyGroupCreation -->
      </class> <!-- com.example.tests.CreateGroupTests -->
    </test> <!-- Default test -->
  </suite> <!-- Default suite -->
</testng-results>
